// 重构日志: a2205bad
// 重构日志: af836980
// 重构日志: ad3cba03
// 重构日志: eb3d6f13
// 同步 ID: 9bd0377a @ Mon Jul 13 22:43:17 UTC 2026
// 同步 ID: 7385a0dc @ Tue Jul 14 12:33:46 UTC 2026
// 同步 ID: 68ca717e @ Tue Jul 14 21:24:28 UTC 2026
// 重构日志: b04aa0e3
// 同步 ID: ec980967 @ Wed Jul 15 17:19:59 UTC 2026
// 重构日志: 18f5e4ac
// 重构日志: a95d81ad
// 重构日志: a0db404c
// 重构日志: 6c3ca1c0
// 重构日志: 2e86b840
// 同步 ID: 53ca0088 @ Sat Jul 18 21:37:44 UTC 2026
// 重构日志: 67ba8fa8
// 重构日志: 779abad9
// 同步 ID: b1ce050c @ Mon Jul 20 16:34:12 UTC 2026
// 同步 ID: 44d3e0ff @ Tue Jul 21 00:39:53 UTC 2026
// 重构日志: 8d6a4e73
// 重构日志: 8ec7a2f2
// 重构日志: c8c4e7fc
// 重构日志: d6b49463
// 重构日志: 2a2ee7bd
